============================= test session starts ==============================
platform darwin -- Python 3.10.18, pytest-9.0.3, pluggy-1.6.0
rootdir: /Users/farhad/Code/PokerBot-codex-postflop-trap
plugins: hypothesis-6.152.9
collected 29 items

tests/edge_cases/test_hardening_cases.py ......                          [ 20%]
tests/edge_cases/test_legal_actions.py ...............                   [ 72%]
tests/edge_cases/test_postflop_trap_candidate.py ....                    [ 86%]
tests/edge_cases/test_safe_fallback.py ....                              [100%]

============================== 29 passed in 0.39s ==============================
